C51 COMPILER V9.52.0.0   BTLED                                                             04/12/2018 09:58:44 PAGE 1   


C51 COMPILER V9.52.0.0, COMPILATION OF MODULE BTLED
OBJECT MODULE PLACED IN .\Output\BTLED.obj
COMPILER INVOKED BY: C:\Keil\C51\C51\BIN\C51.EXE UserSrc\BTLED.c BROWSE INCDIR(.\UserInc) DEBUG OBJECTEXTEND PRINT(.\BTL
                    -ED.lst) TABS(2) OBJECT(.\Output\BTLED.obj)

line level    source

   1          /*******************************************************************************
   2            *
   3            * @FileName     BTLED.c
   4            * @Date         2018.03.29
   5            * @Author       DS.Chin
   6            * @CopyRight    (C) CopyRight  @2016 ~ 2026 Willis Ltd. Co.
   7            * @Description  This file contains all the function prototyped for the config
   8            *               fimer library
   9            *
  10          *******************************************************************************/
  11          #include "BTLED.h"
  12          
  13          
  14          
  15          
  16          /********************************************************************
  17              *
  18              * FunctionName      main.c
  19              * Brief             programme entrance
  20              *
  21          *********************************************************************/
  22          void main(void)
  23          {
  24   1        MCU_Config();
  25   1        
  26   1        User_Data_Init();
  27   1        
  28   1        while (1)
  29   1        {
  30   2          if (TF2 == SET)
  31   2          {
  32   3            TF2 = RESET;
  33   3                  
  34   3            TA      = 0xAA;
  35   3            TA      = 0x55;
  36   3            WDCON   |= BIT6;        //WDCLR = 1, clear the WDT 
  37   3            
  38   3            Key_Scan();
  39   3            
  40   3            Data_Process();
  41   3          }
  42   2        }
  43   1      }
  44          
  45          
  46          


MODULE INFORMATION:   STATIC OVERLAYABLE
   CODE SIZE        =     28    ----
   CONSTANT SIZE    =   ----    ----
   XDATA SIZE       =   ----    ----
   PDATA SIZE       =   ----    ----
   DATA SIZE        =   ----    ----
C51 COMPILER V9.52.0.0   BTLED                                                             04/12/2018 09:58:44 PAGE 2   

   IDATA SIZE       =   ----    ----
   BIT SIZE         =   ----    ----
END OF MODULE INFORMATION.


C51 COMPILATION COMPLETE.  0 WARNING(S),  0 ERROR(S)
