C51 COMPILER V9.52.0.0   COMM                                                              04/05/2018 22:21:30 PAGE 1   


C51 COMPILER V9.52.0.0, COMPILATION OF MODULE COMM
OBJECT MODULE PLACED IN .\Output\Comm.obj
COMPILER INVOKED BY: C:\Keil\C51\C51\BIN\C51.EXE UserSrc\Comm.c BROWSE INCDIR(.\UserInc) DEBUG OBJECTEXTEND PRINT(.\Comm
                    -.lst) TABS(2) OBJECT(.\Output\Comm.obj)

line level    source

   1          /*******************************************************************************
   2            *
   3            * @FileName     Comm.c
   4            * @Date         2018.03.29
   5            * @Author       DS.Chin
   6            * @CopyRight    (C) CopyRight  @2016 ~ 2026 Willis Ltd. Co.
   7            * @Description  This file contains all the function prototyped for the config
   8            *               fimer library
   9            *
  10          *******************************************************************************/
  11          #include "Comm.h"
  12          
  13          //----------< File Paramters >------------------------
  14          xdata _Flag     SndByteDoneFlag;
  15          xdata _Uint8    ByteCnt;
  16          
  17          /*******************************************************
  18            *
  19            * FunctionName    Uart_Interrupt
  20            *
  21          *********************************************************/
  22          void Uart_Interrupt(void) interrupt 15
  23          {
  24   1        /* When receive interrupt flag been set */
  25   1        if (RI_1)
  26   1        {
  27   2          RI_1 = RESET;
  28   2          USART_Rcv_Byte();
  29   2        }
  30   1        
  31   1        /* When send interrput flag been set */
  32   1        if (TI_1)
  33   1        {
  34   2          TI_1 = RESET;
  35   2          SndByteDoneFlag = FALSE;
  36   2        }
  37   1        
  38   1        return;
  39   1      }
  40          
  41          
  42          /***********************************************************
  43            *
  44            * FunctionName  USART_Rcv_Byte
  45            *
  46          ************************************************************/
  47          
  48          static void USART_Rcv_Byte(void)
  49          {
  50   1        xdata _Uint8    RcvBufferTemp = 0;
  51   1        
  52   1        
  53   1        // move receive data to RcvBuffer
  54   1        RcvBufferTemp = SBUF_1;
C51 COMPILER V9.52.0.0   COMM                                                              04/05/2018 22:21:30 PAGE 2   

  55   1      }
  56          
  57          
  58          
  59          
  60          
  61          
  62          
  63          /************************************************************
  64            *
  65            * FunctionName  USART_Rcv_Data
  66            *
  67          *************************************************************/
  68          void USART_Rcv_Data(void)
  69          {
  70   1        
  71   1      }
  72          
  73          
  74          
  75          
  76          
  77          
  78          
  79          
  80          
  81          
  82          /***********************************************************
  83            *
  84            * FunctionName  USART_Snd_Data
  85            *
  86          ************************************************************/
  87          void USART_Snd_Data(void)
  88          {
  89   1        USART_Snd_Byte(0x0);
  90   1      }
  91          
  92          
  93          
  94          /******************************************************
  95            *
  96            * FunctionName  USART_Snd_Byte
  97            *
  98          *******************************************************/
  99          static void USART_Snd_Byte(_Uint8 SndBuf)
 100          {
 101   1        while (SndByteDoneFlag);
 102   1        SBUF_1 = SndBuf;
 103   1        SndByteDoneFlag = TRUE;
 104   1      }


MODULE INFORMATION:   STATIC OVERLAYABLE
   CODE SIZE        =    104    ----
   CONSTANT SIZE    =   ----    ----
   XDATA SIZE       =      2       1
   PDATA SIZE       =   ----    ----
   DATA SIZE        =   ----    ----
   IDATA SIZE       =   ----    ----
   BIT SIZE         =   ----    ----
END OF MODULE INFORMATION.


C51 COMPILATION COMPLETE.  0 WARNING(S),  0 ERROR(S)
