C51 COMPILER V9.52.0.0   DATA_PROCESS                                                      04/12/2018 09:58:44 PAGE 1   


C51 COMPILER V9.52.0.0, COMPILATION OF MODULE DATA_PROCESS
OBJECT MODULE PLACED IN .\Output\Data_Process.obj
COMPILER INVOKED BY: C:\Keil\C51\C51\BIN\C51.EXE UserSrc\Data_Process.c BROWSE INCDIR(.\UserInc) DEBUG OBJECTEXTEND PRIN
                    -T(.\Data_Process.lst) TABS(2) OBJECT(.\Output\Data_Process.obj)

line level    source

   1          /*******************************************************************************
   2            *
   3            * @FileName     Data_Process.c
   4            * @Date         2018.03.29
   5            * @Author       DS.Chin
   6            * @CopyRight    (C) CopyRight  @2016 ~ 2026 Willis Ltd. Co.
   7            * @Description  This file contains all the function prototyped for the config
   8            *               fimer library
   9            *
  10          *******************************************************************************/
  11          #include "Data_Process.h"
  12          
  13          xdata _Flag   UpDwnFlag1,UpDwnFlag2;
  14          xdata _Flag   ChgFlag1, ChgFlag2;
  15          xdata _Uint8  ChgTime;
  16          
  17          /******************************************************************
  18            *
  19            * FunctionName    User_Data_Init
  20            *
  21          *******************************************************************/
  22          void User_Data_Init(void)
  23          {
  24   1        Duty1 = 0;
  25   1        Duty2 = 0;
  26   1        UpDwnFlag1 = FALSE;
  27   1        UpDwnFlag2 = FALSE;
  28   1        ChgFlag1 = FALSE;
  29   1        ChgFlag2 = FALSE;
  30   1      }
  31          
  32          
  33          /******************************************************************
  34            *
  35            * FunctionName    Data_Process
  36            *
  37          *******************************************************************/
  38          void Data_Process(void)
  39          {
  40   1        
  41   1      }
  42          
  43          
  44          
  45          


MODULE INFORMATION:   STATIC OVERLAYABLE
   CODE SIZE        =     23    ----
   CONSTANT SIZE    =   ----    ----
   XDATA SIZE       =      5    ----
   PDATA SIZE       =   ----    ----
   DATA SIZE        =   ----    ----
   IDATA SIZE       =   ----    ----
C51 COMPILER V9.52.0.0   DATA_PROCESS                                                      04/12/2018 09:58:44 PAGE 2   

   BIT SIZE         =   ----    ----
END OF MODULE INFORMATION.


C51 COMPILATION COMPLETE.  0 WARNING(S),  0 ERROR(S)
