C51 COMPILER V9.52.0.0   KEY_SCAN                                                          04/12/2018 09:58:44 PAGE 1   


C51 COMPILER V9.52.0.0, COMPILATION OF MODULE KEY_SCAN
OBJECT MODULE PLACED IN .\Output\Key_Scan.obj
COMPILER INVOKED BY: C:\Keil\C51\C51\BIN\C51.EXE UserSrc\Key_Scan.c BROWSE INCDIR(.\UserInc) DEBUG OBJECTEXTEND PRINT(.\
                    -Key_Scan.lst) TABS(2) OBJECT(.\Output\Key_Scan.obj)

line level    source

   1          /*******************************************************************************
   2            *
   3            * @FileName     Key_Scan.c
   4            * @Date         2018.03.29
   5            * @Author       DS.Chin
   6            * @CopyRight    (C) CopyRight  @2016 ~ 2026 Willis Ltd. Co.
   7            * @Description  This file contains all the function prototyped for the config
   8            *               fimer library
   9            *
  10          *******************************************************************************/
  11          #include "Key_Scan.h"
  12          
  13          
  14          //----------< Gloable Parmaters>--------------
  15          xdata _TypeKey  ModeKeyStatus1;
  16          xdata _TypeKey  ModeKeyStatus2;
  17          
  18          
  19          //-----------< File Paramters >----------------
  20          xdata _Uint8    KeyTime1,KeyTime2;
  21          xdata _Flag     KeyDoneFlag1,KeyDoneFlag2;
  22          
  23          /*******************************************************************
  24            *
  25            * FunctionName  Key_Scan
  26            *
  27           ******************************************************************/
  28          void Key_Scan(void)
  29          {
  30   1        
  31   1        // PORT_KEY_MODE   triggered by touch IC
  32   1        if (PORT_KEY_1 == RESET)
  33   1        {
  34   2          KeyTime1++;
  35   2          if (KeyTime1 > 10)              //1.5s, Press long time more than 1.5 seconds
  36   2          {
  37   3            KeyTime1 = 0;
  38   3            
  39   3            if (Duty2 < 85)
  40   3            {
  41   4              Duty2++;
  42   4            }
  43   3          }
  44   2        }
  45   1        else
  46   1        {
  47   2          KeyTime1     = 0;
  48   2        }
  49   1        
  50   1        // PORT_KEY_MODE   triggered by touch IC
  51   1        if (PORT_KEY_2 == RESET)
  52   1        {
  53   2          KeyTime2++;
  54   2          if (KeyTime2 > 10)              //1.5s, Press long time more than 1.5 seconds
C51 COMPILER V9.52.0.0   KEY_SCAN                                                          04/12/2018 09:58:44 PAGE 2   

  55   2          {
  56   3            KeyTime2 = 0;
  57   3            if (Duty2 > 0)    Duty2--;
  58   3          }
  59   2        }
  60   1        else
  61   1        {
  62   2          KeyTime2     = 0;
  63   2        }
  64   1      
  65   1      }
  66           
  67           
  68          
  69          
  70          
  71          
  72          
  73          
  74          


MODULE INFORMATION:   STATIC OVERLAYABLE
   CODE SIZE        =     71    ----
   CONSTANT SIZE    =   ----    ----
   XDATA SIZE       =      6    ----
   PDATA SIZE       =   ----    ----
   DATA SIZE        =   ----    ----
   IDATA SIZE       =   ----    ----
   BIT SIZE         =   ----    ----
END OF MODULE INFORMATION.


C51 COMPILATION COMPLETE.  0 WARNING(S),  0 ERROR(S)
