C51 COMPILER V9.52.0.0   LED_DISPLAY                                                       04/12/2018 09:58:44 PAGE 1   


C51 COMPILER V9.52.0.0, COMPILATION OF MODULE LED_DISPLAY
OBJECT MODULE PLACED IN .\Output\Led_Display.obj
COMPILER INVOKED BY: C:\Keil\C51\C51\BIN\C51.EXE UserSrc\Led_Display.c BROWSE INCDIR(.\UserInc) DEBUG OBJECTEXTEND PRINT
                    -(.\Led_Display.lst) TABS(2) OBJECT(.\Output\Led_Display.obj)

line level    source

   1          /*******************************************************************************
   2            *
   3            * @FileName     Led_Display.c
   4            * @Date         2018.03.29
   5            * @Author       DS.Chin
   6            * @CopyRight    (C) CopyRight  @2016 ~ 2026 Willis Ltd. Co.
   7            * @Description  This file contains all the function prototyped for the config
   8            *               fimer library
   9            *
  10          *******************************************************************************/
  11          #include "Led_Display.h"
  12          
  13          
  14          xdata _Uint8    DutyCnt;
  15          xdata _Uint8    Duty1;
  16          xdata _Uint8    Duty2;
  17          /*******************************************************
  18            *
  19            * Function Name   | TIM0_Update_Interrupt
  20            * Description     | TIM0 100us
  21            *
  22          ********************************************************/
  23          void Led_Duty_Control(void) interrupt 1
  24          {
  25   1        TF0 = RESET;
  26   1        
  27   1        if (DutyCnt < 100)
  28   1        {
  29   2          DutyCnt++;
  30   2        
  31   2          if (DutyCnt < Duty1)    PORT_OUT_1 = SET;
  32   2          else                    PORT_OUT_1 = RESET;
  33   2          
  34   2          if (DutyCnt < Duty2)    PORT_OUT_2 = SET;
  35   2          else                    PORT_OUT_2 = RESET;
  36   2        }
  37   1        else
  38   1        {
  39   2          DutyCnt = 0;
  40   2          PORT_OUT_1 = RESET;
  41   2          PORT_OUT_2 = RESET;
  42   2        }
  43   1      }
  44          
  45          
  46          /********************************************************
  47            *
  48            * FunctioName P15_Interrupt
  49            *
  50          *********************************************************/
  51          void P15_Interrupt(void) interrupt 7
  52          {
  53   1        PIF = 0x0;
  54   1       // DutyCnt = 0;
C51 COMPILER V9.52.0.0   LED_DISPLAY                                                       04/12/2018 09:58:44 PAGE 2   

  55   1      }
  56          


MODULE INFORMATION:   STATIC OVERLAYABLE
   CODE SIZE        =     91    ----
   CONSTANT SIZE    =   ----    ----
   XDATA SIZE       =      3    ----
   PDATA SIZE       =   ----    ----
   DATA SIZE        =   ----    ----
   IDATA SIZE       =   ----    ----
   BIT SIZE         =   ----    ----
END OF MODULE INFORMATION.


C51 COMPILATION COMPLETE.  0 WARNING(S),  0 ERROR(S)
