C51 COMPILER V9.52.0.0   LED_CLASS                                                         04/05/2018 22:21:31 PAGE 1   


C51 COMPILER V9.52.0.0, COMPILATION OF MODULE LED_CLASS
OBJECT MODULE PLACED IN .\Output\Led_Class.obj
COMPILER INVOKED BY: C:\Keil\C51\C51\BIN\C51.EXE UserSrc\Led_Class.c OPTIMIZE(0,SPEED) BROWSE INCDIR(.\UserInc) DEBUG OB
                    -JECTEXTEND PRINT(.\Led_Class.lst) TABS(2) OBJECT(.\Output\Led_Class.obj)

line level    source

   1          
   2          
   3          
   4          #include "Led_Class.h"
   5          
   6          
   7          xdata _TypeRGBLed       RGBData;
   8          xdata _Flag             UpdateFlag;
   9          xdata _Uint8            SndByte[LED_TOTAL][3];
  10          /*******************************************************************
  11            *
  12            * FunctionName  RGB_Data_Update
  13            *
  14          *******************************************************************/
  15          void RGB_Data_Update(void)
  16          {
  17   1        xdata _Uint8  TempByte  = 0;
  18   1        xdata _Uint8  DataBuf   = 0;
  19   1        xdata _Uint8  TempBit   = 0;
  20   1        xdata _Uint8  TempDelay = 0;
  21   1        
  22   1        if (UpdateFlag)
  23   1        {
  24   2          UpdateFlag = FALSE;
  25   2          
  26   2          ET0     = 0;
  27   2          for (TempByte = 0; TempByte < COLOR_TOTAL; TempByte++)      //Circle count caculated
  28   2          {
  29   3            DataBuf = RGBData.SendByte[TempByte];
  30   3            for (TempBit = 0; TempBit < 8; TempBit++)             // Send the bit data one bye one
  31   3            {
  32   4              if ((DataBuf & 0x80) == 0x80)                       // Bit 1 data send
  33   4              {
  34   5                PORT_RGB = SET;
  35   5                TempDelay = 1;TempDelay = 1;TempDelay = 1;
  36   5                TempDelay = 1;TempDelay = 1;
  37   5                PORT_RGB = RESET;
  38   5                TempDelay = 1;
  39   5              }
  40   4              else                                                // Bit0 data send 
  41   4              {
  42   5                PORT_RGB = SET;
  43   5                TempDelay = 1;TempDelay = 1;
  44   5                PORT_RGB = RESET;
  45   5                TempDelay = 1;TempDelay = 1;TempDelay = 1;
  46   5              }
  47   4              DataBuf <<= 1;                                      // move one bit to the left       
  48   4            }
  49   3          }
  50   2          
  51   2          ET0     = 1;
  52   2        }
  53   1      }

C51 COMPILER V9.52.0.0   LED_CLASS                                                         04/05/2018 22:21:31 PAGE 2   


MODULE INFORMATION:   STATIC OVERLAYABLE
   CODE SIZE        =    214    ----
   CONSTANT SIZE    =   ----    ----
   XDATA SIZE       =    131    ----
   PDATA SIZE       =   ----    ----
   DATA SIZE        =   ----    ----
   IDATA SIZE       =   ----    ----
   BIT SIZE         =   ----    ----
END OF MODULE INFORMATION.


C51 COMPILATION COMPLETE.  0 WARNING(S),  0 ERROR(S)
