C51 COMPILER V9.52.0.0   ZW1104                                                            04/18/2017 10:46:36 PAGE 1   


C51 COMPILER V9.52.0.0, COMPILATION OF MODULE ZW1104
OBJECT MODULE PLACED IN ZW1104.obj
COMPILER INVOKED BY: C:\Keil51\C51\BIN\C51.EXE Source\ZW1104.c BROWSE INCDIR(.\Include) DEBUG OBJECTEXTEND PRINT(.\ZW110
                    -4.lst) TABS(2) OBJECT(ZW1104.obj)

line level    source

   1          /******************************************************************************
   2            *
   3            * @ProjectName        ZW1104
   4            * @Date               2017.03.03
   5            * @Author             DS.Chin
   6            * @Hardware       
   7            *                     N76E003
   8            *                     TSSOP20
   9            *                     HIRC16M
  10            * 
  11          *******************************************************************************/
  12          #include "ZW1104.h"
  13          
  14          
  15          /******************************************
  16            * 
  17            * @FunctionName main
  18            * @Output       None
  19            * @Input        None
  20            * @Description  Programm Entrance
  21            *
  22          ***/
  23          void main(void)
  24          {
  25   1        MCU_Config();
  26   1        Power_On_Init();
  27   1        
  28   1        while (1)
  29   1        {
  30   2          if (TF2 == SET)
  31   2          {
  32   3            TF2 = RESET;
  33   3            
  34   3            Data_Process();   //数据处理
  35   3            
  36   3            Comm_Process();   //与Z-WAVE通信
  37   3            
  38   3            Led_Display();    //LED显示
  39   3            
  40   3            Sleep_Control();  //睡眠控制
  41   3          }
  42   2        }
  43   1      }
  44          


MODULE INFORMATION:   STATIC OVERLAYABLE
   CODE SIZE        =     25    ----
   CONSTANT SIZE    =   ----    ----
   XDATA SIZE       =   ----    ----
   PDATA SIZE       =   ----    ----
   DATA SIZE        =   ----    ----
   IDATA SIZE       =   ----    ----
   BIT SIZE         =   ----    ----
C51 COMPILER V9.52.0.0   ZW1104                                                            04/18/2017 10:46:36 PAGE 2   

END OF MODULE INFORMATION.


C51 COMPILATION COMPLETE.  0 WARNING(S),  0 ERROR(S)
