C51 COMPILER V9.52.0.0   COMM                                                              02/02/2018 11:41:19 PAGE 1   


C51 COMPILER V9.52.0.0, COMPILATION OF MODULE COMM
OBJECT MODULE PLACED IN Comm.obj
COMPILER INVOKED BY: C:\Keil\C51\C51\BIN\C51.EXE Source\Comm.c BROWSE INCDIR(.\Include) DEBUG OBJECTEXTEND PRINT(.\Comm.
                    -lst) OBJECT(Comm.obj)

line level    source

   1          /************************************************************************
   2                  *
   3                  * @FileName             Comm.c
   4                  * @Date                         2017.03.03
   5                  * @Author                       DS.Chin
   6                  *
   7          **************************************************************************/
   8          #include "Comm.h"
   9          
  10          
  11          /* @Variables -------------------------------------------------------------*/
  12          _Uint8          WakeUpMode;
  13          _Flag                   WakeUpInit;
  14          _Uint8          TriggerMode;
  15          
  16          
  17          
  18          /****************************
  19                  *
  20                  * @FunctionName         Comm_Process
  21                  *
  22          ***/
  23          void Comm_Process(void)
  24          {
  25   1              static _Uint8   WakeUpTime;
  26   1              
  27   1              
  28   1              /* Wake Up */
  29   1              if (WakeUpMode == 0)            
  30   1              {
  31   2                      PORT_WAKE_UP = SET;
  32   2              }
  33   1              else
  34   1              {
  35   2                      PORT_WAKE_UP = RESET;
  36   2                      if (WakeUpInit == TRUE) 
  37   2                      {
  38   3                              WakeUpTime = 0;
  39   3                              WakeUpInit = FALSE;
  40   3                      }
  41   2                      WakeUpTime++;
  42   2                      if (WakeUpTime > 5)
  43   2                      {
  44   3                              WakeUpTime = 0;
  45   3                              WakeUpMode = 0;
  46   3                      }
  47   2              }
  48   1              
  49   1              
  50   1              /* Trigger */
  51   1              if (TriggerMode == 0)   
  52   1              {
  53   2                      PORT_TRIGGER = RESET;
  54   2              }
C51 COMPILER V9.52.0.0   COMM                                                              02/02/2018 11:41:19 PAGE 2   

  55   1              else                                                                    
  56   1              {
  57   2                      PORT_TRIGGER = SET;
  58   2              }
  59   1      }


MODULE INFORMATION:   STATIC OVERLAYABLE
   CODE SIZE        =     44    ----
   CONSTANT SIZE    =   ----    ----
   XDATA SIZE       =   ----    ----
   PDATA SIZE       =   ----    ----
   DATA SIZE        =      4    ----
   IDATA SIZE       =   ----    ----
   BIT SIZE         =   ----    ----
END OF MODULE INFORMATION.


C51 COMPILATION COMPLETE.  0 WARNING(S),  0 ERROR(S)
