C51 COMPILER V9.52.0.0   LED_DISPLAY                                                       02/02/2018 11:41:19 PAGE 1   


C51 COMPILER V9.52.0.0, COMPILATION OF MODULE LED_DISPLAY
OBJECT MODULE PLACED IN Led_Display.obj
COMPILER INVOKED BY: C:\Keil\C51\C51\BIN\C51.EXE Source\Led_Display.c BROWSE INCDIR(.\Include) DEBUG OBJECTEXTEND PRINT(
                    -.\Led_Display.lst) OBJECT(Led_Display.obj)

line level    source

   1          /************************************************************************
   2                  *
   3                  * @FileName             Led_Display.c
   4                  * @Date                         2017.03.03
   5                  * @Author                       DS.Chin
   6                  *
   7          **************************************************************************/
   8          #include "Led_Display.h"
   9          
  10          
  11          /* @Gloable Variables ----------------------------------------------------*/
  12          _TypeStLed      LedData;
  13          
  14          
  15          
  16          /* @File Variabless -----------------------------------------------------*/
  17          static _Uint8   LedTime[2];
  18          static _Uint8   HoldTime[2];
  19          static _Uint8   LedStep;
  20          
  21          
  22          
  23          
  24          
  25          /*************************************************
  26                  *
  27                  * @FunctionName Led_Display
  28                  * @Input                                None
  29                  * @Output                               None
  30                  *
  31          ***/
  32          void Led_Display(void)
  33          {
  34   1              switch (LedData.Mode)
  35   1              {
  36   2                      case LED_RGB_OFF:                                               Led_RGB_Off();                  break;
  37   2                      case LED_RGB_SLOW:                                      Led_RGB_Slow();                 break;
  38   2                      case LED_G_FAST:                                                Led_G_Fast();                           break;
  39   2                      case LED_B_SLOW:                                                Led_B_Slow();                           break;
  40   2                      case LED_R_SLOW:                                                Led_R_Slow();                           break;
  41   2              }
  42   1      }
  43          
  44          
  45          /*************************************************
  46                  *
  47                  * @FunctionName Led_RGB_Off
  48                  * @Input                                None
  49                  * @Output                               None
  50                  *
  51          ***/
  52          static void Led_RGB_Off(void)
  53          {
  54   1              if (LedData.InitFlag == TRUE)
C51 COMPILER V9.52.0.0   LED_DISPLAY                                                       02/02/2018 11:41:19 PAGE 2   

  55   1              {
  56   2                      LedData.InitFlag = FALSE;
  57   2                      R1OFF;  R2OFF;  R3OFF;
  58   2                      G1OFF;  G2OFF;  G3OFF;
  59   2                      B1OFF;  B2OFF;  B3OFF;
  60   2              }
  61   1      }
  62          
  63          
  64          
  65          
  66          /*************************************************
  67                  *
  68                  * @FunctionName Led_RGB_Slow
  69                  * @Input                                None
  70                  * @Output                               None
  71                  *
  72          ***/
  73          static void Led_RGB_Slow(void)
  74          {
  75   1              /* Initialize */
  76   1              if (LedData.InitFlag == TRUE)
  77   1              {
  78   2                      LedData.InitFlag = FALSE;
  79   2                      R1OFF;  R2OFF;  R3OFF;
  80   2                      G1OFF;  G2OFF;  G3OFF;
  81   2                      B1OFF;  B2OFF;  B3OFF;
  82   2                      LedTime[0]      = 0;
  83   2                      LedTime[1]      = 0;
  84   2                      HoldTime[0]     = 0;
  85   2                      HoldTime[1] = 0;
  86   2                      LedStep                 = 0;
  87   2              }
  88   1              
  89   1              
  90   1              /* Step Control */
  91   1              LedTime[0]++;
  92   1              if (LedTime[0] >= SLOW_SPEED)
  93   1              {
  94   2                      LedTime[0] = 0;
  95   2                      LedStep++;
  96   2                      if (LedStep > 8)                LedStep = 0;
  97   2              }
  98   1              
  99   1              
 100   1              /* Mode Control */
 101   1              switch (LedStep)
 102   1              {
 103   2                      case 0: B3OFF; R1ON;            break;
 104   2                      case 1: R1OFF; R2ON;            break;
 105   2                      case 2: R2OFF; R3ON;            break;
 106   2                      case 3: R3OFF; G1ON;            break;
 107   2                      case 4: G1OFF; G2ON;            break;
 108   2                      case 5: G2OFF; G3ON;            break;
 109   2                      case 6: G3OFF; B1ON;            break;
 110   2                      case 7: B1OFF; B2ON;            break;
 111   2                      case 8: B2OFF; B3ON;            break;
 112   2              }
 113   1              
 114   1              /* Hold Time */
 115   1              HoldTime[0]++;
 116   1              if (HoldTime[0] >= 100) //1s
C51 COMPILER V9.52.0.0   LED_DISPLAY                                                       02/02/2018 11:41:19 PAGE 3   

 117   1              {
 118   2                      HoldTime[0] = 0;
 119   2                      HoldTime[1]++;
 120   2                      if (HoldTime[1] >= 30) //1s
 121   2                      {
 122   3                              HoldTime[1]             = 0;
 123   3                              LedData.Mode    = LED_RGB_OFF;
 124   3                              LedData.InitFlag = TRUE;
 125   3                      }
 126   2              }
 127   1      }
 128          
 129          
 130          
 131          
 132          
 133          /*************************************************
 134                  *
 135                  * @FunctionName Led_G_Fast
 136                  * @Input                                None
 137                  * @Output                               None
 138                  *
 139          ***/
 140          static void Led_G_Fast(void)
 141          {
 142   1              /* Initialize */
 143   1              if (LedData.InitFlag == TRUE)
 144   1              {
 145   2                      LedData.InitFlag = FALSE;
 146   2                      R1OFF;  R2OFF;  R3OFF;
 147   2                      G1OFF;  G2OFF;  G3OFF;
 148   2                      B1OFF;  B2OFF;  B3OFF;
 149   2                      LedTime[0]      = 0;
 150   2                      LedTime[1]      = 0;
 151   2                      HoldTime[0]     = 0;
 152   2                      HoldTime[1] = 0;
 153   2                      LedStep                 = 0;
 154   2              }
 155   1              
 156   1              
 157   1              /* Step Control */
 158   1              LedTime[0]++;
 159   1              if (LedTime[0] >= FAST_SPEED)
 160   1              {
 161   2                      LedTime[0] = 0;
 162   2                      LedStep++;
 163   2                      if (LedStep > 2)                LedStep = 0;
 164   2              }
 165   1              
 166   1              
 167   1              /* Mode Control */
 168   1              switch (LedStep)
 169   1              {
 170   2                      case 0: G3OFF; G1ON;            break;
 171   2                      case 1: G1OFF; G2ON;            break;
 172   2                      case 2: G2OFF; G3ON;            break;
 173   2              }
 174   1              
 175   1              
 176   1              /* Hold Time */
 177   1              HoldTime[0]++;
 178   1              if (HoldTime[0] >= 100) //1s
C51 COMPILER V9.52.0.0   LED_DISPLAY                                                       02/02/2018 11:41:19 PAGE 4   

 179   1              {
 180   2                      HoldTime[0] = 0;
 181   2                      HoldTime[1]++;
 182   2                      if (HoldTime[1] >= 5) //5s
 183   2                      {
 184   3                              HoldTime[1]             = 0;
 185   3                              LedData.Mode    = LED_RGB_OFF;
 186   3                              LedData.InitFlag = TRUE;
 187   3                              NetChgFlag = FALSE;
 188   3                      }
 189   2              }
 190   1      }
 191          
 192          
 193          /*************************************************
 194                  *
 195                  * @FunctionName Led_B_Slow
 196                  * @Input                                None
 197                  * @Output                               None
 198                  *
 199          ***/
 200          static void Led_B_Slow(void)
 201          {
 202   1              static _Uint8 WktCnt;
 203   1              
 204   1              /* Initialize */
 205   1              if (LedData.InitFlag == TRUE)
 206   1              {
 207   2                      LedData.InitFlag = FALSE;
 208   2                      R1OFF;  R2OFF;  R3OFF;
 209   2                      G1OFF;  G2OFF;  G3OFF;
 210   2                      B1OFF;  B2OFF;  B3OFF;
 211   2                      LedTime[0]              = 0;
 212   2                      LedTime[1]              = 0;
 213   2                      LedStep                         = 0;
 214   2                      WktCnt                          = 0;
 215   2              }
 216   1              
 217   1              /* Step Control */
 218   1              LedTime[0]++;
 219   1              if (LedTime[0] >= SLOW_SPEED)
 220   1              {
 221   2                      LedTime[0] = 0;
 222   2                      LedStep++;
 223   2              }
 224   1              
 225   1              /* Mode Control */
 226   1              switch (LedStep)
 227   1              {
 228   2                      case 0: B3OFF; B1ON;            break;
 229   2                      case 1: B1OFF; B2ON;            break;
 230   2                      case 2: B2OFF; B3ON;            break;
 231   2                      case 3: 
 232   2                      {
 233   3                              LedStep                                         = 0;
 234   3                              LedData.Mode                    = LED_RGB_OFF;
 235   3                              LedData.InitFlag        = TRUE;
 236   3                              
 237   3                              WktCnt++;
 238   3                              if (WktCnt >= 10)
 239   3                              {
 240   4                                      WktCnt = 0;
C51 COMPILER V9.52.0.0   LED_DISPLAY                                                       02/02/2018 11:41:19 PAGE 5   

 241   4                                      LedData.ModeBuf = LED_RGB_OFF;
 242   4                              }
 243   3                      } break;
 244   2              }
 245   1      }
 246          
 247          
 248          
 249          
 250          /*************************************************
 251                  *
 252                  * @FunctionName Led_R_Slow
 253                  * @Input                                None
 254                  * @Output                               None
 255                  *
 256          ***/
 257          static void Led_R_Slow(void)
 258          {
 259   1              static _Uint8           HoldTime[2];
 260   1              
 261   1              /* 模式参数初始化 */
 262   1              if (LedData.InitFlag == TRUE)
 263   1              {
 264   2                      LedData.InitFlag = FALSE;
 265   2                      R1OFF;  R2OFF;  R3OFF;
 266   2                      G1OFF;  G2OFF;  G3OFF;
 267   2                      B1OFF;  B2OFF;  B3OFF;
 268   2                      LedTime[0]      = 0;
 269   2                      LedTime[1]      = 0;
 270   2                      LedStep                 = 0;
 271   2                      HoldTime[0]     = 0;
 272   2                      HoldTime[1] = 0;
 273   2              }
 274   1              
 275   1              
 276   1              /* 计时参数初始化 */
 277   1              if (TrigInitFlag == TRUE)
 278   1              {
 279   2                      TrigInitFlag = FALSE;
 280   2                      HoldTime[0]     = 0;
 281   2                      HoldTime[1] = 0;
 282   2              }
 283   1              
 284   1              
 285   1              
 286   1              /* Mode Control */
 287   1              switch (LedStep)
 288   1              {
 289   2                      case 0: 
 290   2                      case 2:
 291   2                      {
 292   3                              R1ON; R2ON; R3ON;                               
 293   3                              LedTime[0]++;
 294   3                              if (LedTime[0] >= 10)
 295   3                              {
 296   4                                      LedTime[0] = 0;
 297   4                                      LedStep++;
 298   4                              }
 299   3                      } break;
 300   2                      case 1: 
 301   2                      {
 302   3                              R1OFF; R2OFF; R3OFF;            
C51 COMPILER V9.52.0.0   LED_DISPLAY                                                       02/02/2018 11:41:19 PAGE 6   

 303   3                              LedTime[0]++;
 304   3                              if (LedTime[0] >= 10)
 305   3                              {
 306   4                                      LedTime[0] = 0;
 307   4                                      LedStep++;
 308   4                              }
 309   3                      } break;
 310   2                      
 311   2                      case 3:
 312   2                      {
 313   3                              R1OFF; R2OFF; R3OFF;             
 314   3                              LedTime[0]++;
 315   3                              if (LedTime[0] >= 100)
 316   3                              {
 317   4                                      LedTime[0] = 0;
 318   4                                      LedStep = 0;
 319   4                              }
 320   3                      } break;
 321   2              }
 322   1              
 323   1              
 324   1              
 325   1              
 326   1              /* 延时计时 */
 327   1              HoldTime[0]++;
 328   1              if (HoldTime[0] >= 100) //1s
 329   1              {
 330   2                      HoldTime[0] = 0;
 331   2                      HoldTime[1]++;
 332   2                      if (HoldTime[1] >= 10)          //10s
 333   2                      {
 334   3                              HoldTime[1] = 0;
 335   3                              TrigForbidFlag = FALSE;
 336   3                      }
 337   2              }
 338   1      }
 339          


MODULE INFORMATION:   STATIC OVERLAYABLE
   CODE SIZE        =    611    ----
   CONSTANT SIZE    =   ----    ----
   XDATA SIZE       =   ----    ----
   PDATA SIZE       =   ----    ----
   DATA SIZE        =     11    ----
   IDATA SIZE       =   ----    ----
   BIT SIZE         =   ----    ----
END OF MODULE INFORMATION.


C51 COMPILATION COMPLETE.  0 WARNING(S),  0 ERROR(S)
