C51 COMPILER V9.52.0.0   ZW1105                                                            02/02/2018 11:41:20 PAGE 1   


C51 COMPILER V9.52.0.0, COMPILATION OF MODULE ZW1105
OBJECT MODULE PLACED IN ZW1105.obj
COMPILER INVOKED BY: C:\Keil\C51\C51\BIN\C51.EXE Source\ZW1105.c BROWSE INCDIR(.\Include) DEBUG OBJECTEXTEND PRINT(.\ZW1
                    -105.lst) OBJECT(ZW1105.obj)

line level    source

   1          /******************************************************************************
   2                  *
   3                  * @ProjectName                          ZW1104
   4                  * @Date                                                         2017.03.03
   5                  * @Author                                                       DS.Chin
   6                  * @Hardware                             
   7                  *                                                                               N76E003
   8                  *                                                                                       TSSOP20
   9                  *                                                                                       HIRC16M
  10                  *
  11                  *
  12                  * @Version                                              0.0
  13                  *                                                                               根据1104 0.3版本更改
  14                  *                                                                                       仅把触发后的报警方式更改为三灯同时红色闪烁
  15                  *
  16                  *
  17                  * @Version                                              0.1
  18                  *                                                                                       更改触发方式，RST脚位定为触发方式选择判定脚
  19                  *                                                                                       a)当RST脚为高电平时，在2秒内持续有超过20次的触发方可判定为触发有效
  20                  *                                                                                       b)当RST脚为低电平时，一次触发则判定为触发有效
  21                  *       
  22          *******************************************************************************/
  23          #include "ZW1105.h"
  24          
  25          
  26          /******************************************
  27                  * 
  28                  * @FunctionName main
  29                  * @Output                               None
  30                  * @Input                                None
  31                  * @Description  Programm Entrance
  32                  *
  33          ***/
  34          void main(void)
  35          {
  36   1              MCU_Config();
  37   1              Power_On_Init();
  38   1              
  39   1              while (1)
  40   1              {
  41   2                      if (TF2 == SET)
  42   2                      {
  43   3                              TF2 = RESET;
  44   3                              
  45   3                              Key_Scan();                             //按键处理
  46   3                              
  47   3                              Data_Process();         //数据处理
  48   3                              
  49   3                              Comm_Process();         //与Z-WAVE通信
  50   3                              
  51   3                              Led_Display();          //LED显示
  52   3                              
  53   3                              Sleep_Control();        //睡眠控制
  54   3                      }
C51 COMPILER V9.52.0.0   ZW1105                                                            02/02/2018 11:41:20 PAGE 2   

  55   2              }
  56   1      }
  57          


MODULE INFORMATION:   STATIC OVERLAYABLE
   CODE SIZE        =     28    ----
   CONSTANT SIZE    =   ----    ----
   XDATA SIZE       =   ----    ----
   PDATA SIZE       =   ----    ----
   DATA SIZE        =   ----    ----
   IDATA SIZE       =   ----    ----
   BIT SIZE         =   ----    ----
END OF MODULE INFORMATION.


C51 COMPILATION COMPLETE.  0 WARNING(S),  0 ERROR(S)
