C51 COMPILER V9.52.0.0   MCU_INIT                                                          03/30/2017 14:18:05 PAGE 1   


C51 COMPILER V9.52.0.0, COMPILATION OF MODULE MCU_INIT
OBJECT MODULE PLACED IN mcu_init.OBJ
COMPILER INVOKED BY: C:\Keil51\C51\BIN\C51.EXE mcu_init.c BROWSE DEBUG OBJECTEXTEND TABS(2)

line level    source

   1          #include "mcu_init.h"
   2          #include "mc96f6508a.h"
   3          /*********************
   4          *名称:gpio_init
   5          *功能:初始化gpio
   6          *输入:无
   7          *输出:无
   8          *修改记录:
   9          **********************/
  10          void gpio_init(void)
  11          {
  12   1        P0IO=0xff;     
  13   1        P0PU=0x00;    
  14   1        P0OD=0x00;     
  15   1        P0=0x00;       
  16   1        P0DB=0x00;   
  17   1      
  18   1        P1IO=0xff;     
  19   1        P1PU=0x00;   
  20   1        P1OD=0x00;    
  21   1        P1=0x00;       
  22   1        P1DB=0x00;
  23   1      
  24   1        P2IO=0xff;     
  25   1        P2PU=0x00;    
  26   1        P2OD=0x00;     
  27   1        P2=0x00;       
  28   1        P2FSR=0x00;   
  29   1      
  30   1        P3IO=0xff;     
  31   1        P3PU=0x00;    
  32   1        P3OD=0x00;    
  33   1        P3=0x00;       
  34   1        P3FSR=0x00;    
  35   1      
  36   1        P4IO=0xff;     
  37   1        P4PU=0x00;    
  38   1        P4OD=0x00;     
  39   1        P4=0x00;       
  40   1        P4FSR=0x00;    
  41   1      
  42   1        P5IO=0x7f;     
  43   1        P5PU=0x00;   
  44   1        P5OD=0x00;     
  45   1        P5=0x40;       
  46   1        P5FSRH=0x18;   
  47   1        P5FSRL=0x00;   
  48   1      
  49   1        P6IO=0xff;     
  50   1        P6PU=0x00;    
  51   1        P6OD=0x00;     
  52   1        P6=0x18;       
  53   1        P6FSR=0x00;    
  54   1      }
  55          
C51 COMPILER V9.52.0.0   MCU_INIT                                                          03/30/2017 14:18:05 PAGE 2   

  56          /**************************
  57          *名称:sys_clock_init
  58          *功能:设置系统时钟
  59          *输入:无
  60          *输出:无
  61          *修改记录:
  62          **************************/
  63          void sys_clock_init(void)
  64          {
  65   1        OSCCR=0x20;   //8Mhz
  66   1        SCCR=0x00;
  67   1         
  68   1        PLLCR=0x00;    
  69   1         
  70   1        LVICR=0x00;
  71   1        LVRCR=0x00;    
  72   1      
  73   1      //  BITCR=0x01;    
  74   1      //  WDTDR=9;
  75   1      //  WDTCR=0x00;    //（看门狗复位时间）
  76   1      }
  77          
  78          /**************************
  79          *名称:t0_init
  80          *功能:初始化t0
  81          *输入:无
  82          *输出:无
  83          *修改记录:
  84          ****************************/
  85          void t0_init(void)
  86          { 
  87   1        TIFR=0x00;  
  88   1        T0DR=199;
  89   1        T0CR=0x8b;     //1us*(199+1)=200us
  90   1      }
  91          
  92          /*************************
  93          *名称:uart_init
  94          *功能:初始化uart 8bit+1stop （9600）
  95          *输入:无
  96          *输出:无
  97          *修改记录:
  98          ***************************/
  99          void uart_init(void)
 100          {
 101   1        UARTBD=51;     //9600
 102   1        UARTCR1=0x06;
 103   1        UARTCR2=0x2c;     //uart driver
 104   1        UARTCR3=0x00;
 105   1        UARTST=0x00;
 106   1      
 107   1        IE1=0x08;
 108   1        IE=0x80;
 109   1        UARTCR2|=0x02;
 110   1      }


MODULE INFORMATION:   STATIC OVERLAYABLE
   CODE SIZE        =    131    ----
   CONSTANT SIZE    =   ----    ----
   XDATA SIZE       =   ----    ----
   PDATA SIZE       =   ----    ----
C51 COMPILER V9.52.0.0   MCU_INIT                                                          03/30/2017 14:18:05 PAGE 3   

   DATA SIZE        =   ----    ----
   IDATA SIZE       =   ----    ----
   BIT SIZE         =   ----    ----
END OF MODULE INFORMATION.


C51 COMPILATION COMPLETE.  0 WARNING(S),  0 ERROR(S)
