C51 COMPILER V9.52.0.0   LED_DISPLAY                                                       02/02/2018 17:16:04 PAGE 1   


C51 COMPILER V9.52.0.0, COMPILATION OF MODULE LED_DISPLAY
OBJECT MODULE PLACED IN Led_Display.obj
COMPILER INVOKED BY: C:\Keil\C51\C51\BIN\C51.EXE Source\Led_Display.c BROWSE INCDIR(.\Include) DEBUG OBJECTEXTEND PRINT(
                    -.\Led_Display.lst) OBJECT(Led_Display.obj)

line level    source

   1          /************************************************************************
   2                  *
   3                  * @FileName             Led_Display.c
   4                  * @Date                         2017.03.03
   5                  * @Author                       DS.Chin
   6                  *
   7          **************************************************************************/
   8          #include "Led_Display.h"
   9          
  10          
  11          /* @Gloable Variables ----------------------------------------------------*/
  12          _TypeStLed      LedData;
  13          
  14          
  15          
  16          /* @File Variabless -----------------------------------------------------*/
  17          static _Uint8   LedTime[2];
  18          static _Uint8   HoldTime[2];
  19          static _Uint8   LedStep;
  20          
  21          
  22          
  23          
  24          
  25          /*************************************************
  26                  *
  27                  * @FunctionName Led_Display
  28                  * @Input                                None
  29                  * @Output                               None
  30                  *
  31          ***/
  32          void Led_Display(void)
  33          {
  34   1              switch (LedData.Mode)
  35   1              {
  36   2                      case LED_RGB_OFF:                                               Led_RGB_Off();                  break;
  37   2                      case LED_RGB_SLOW:                                      Led_RGB_Slow();                 break;
  38   2                      case LED_G_FAST:                                                Led_G_Fast();                           break;
  39   2                      case LED_B_SLOW:                                                Led_B_Slow();                           break;
  40   2                      case LED_R_SLOW:                                                Led_R_Slow();                           break;
  41   2                      case LED_G_STEADY:                                      Led_G_Steady();                 break;
  42   2              }
  43   1      }
  44          
  45          
  46          /*************************************************
  47                  *
  48                  * @FunctionName Led_RGB_Off
  49                  * @Input                                None
  50                  * @Output                               None
  51                  *
  52          ***/
  53          static void Led_RGB_Off(void)
  54          {
C51 COMPILER V9.52.0.0   LED_DISPLAY                                                       02/02/2018 17:16:04 PAGE 2   

  55   1              if (LedData.InitFlag == TRUE)
  56   1              {
  57   2                      LedData.InitFlag = FALSE;
  58   2                      R1OFF;  R2OFF;  R3OFF;
  59   2                      G1OFF;  G2OFF;  G3OFF;
  60   2                      B1OFF;  B2OFF;  B3OFF;
  61   2              }
  62   1      }
  63          
  64          
  65          
  66          
  67          /*************************************************
  68                  *
  69                  * @FunctionName Led_RGB_Slow
  70                  * @Input                                None
  71                  * @Output                               None
  72                  *
  73          ***/
  74          static void Led_RGB_Slow(void)
  75          {
  76   1              /* Initialize */
  77   1              if (LedData.InitFlag == TRUE)
  78   1              {
  79   2                      LedData.InitFlag = FALSE;
  80   2                      R1OFF;  R2OFF;  R3OFF;
  81   2                      G1OFF;  G2OFF;  G3OFF;
  82   2                      B1OFF;  B2OFF;  B3OFF;
  83   2                      LedTime[0]      = 0;
  84   2                      LedTime[1]      = 0;
  85   2                      HoldTime[0]     = 0;
  86   2                      HoldTime[1] = 0;
  87   2                      LedStep                 = 0;
  88   2              }
  89   1              
  90   1              
  91   1              /* Step Control */
  92   1              LedTime[0]++;
  93   1              if (LedTime[0] >= SLOW_SPEED)
  94   1              {
  95   2                      LedTime[0] = 0;
  96   2                      LedStep++;
  97   2                      if (LedStep > 8)                LedStep = 0;
  98   2              }
  99   1              
 100   1              
 101   1              /* Mode Control */
 102   1              switch (LedStep)
 103   1              {
 104   2                      case 0: B3OFF; R1ON;            break;
 105   2                      case 1: R1OFF; R2ON;            break;
 106   2                      case 2: R2OFF; R3ON;            break;
 107   2                      case 3: R3OFF; G1ON;            break;
 108   2                      case 4: G1OFF; G2ON;            break;
 109   2                      case 5: G2OFF; G3ON;            break;
 110   2                      case 6: G3OFF; B1ON;            break;
 111   2                      case 7: B1OFF; B2ON;            break;
 112   2                      case 8: B2OFF; B3ON;            break;
 113   2              }
 114   1              
 115   1              /* Hold Time */
 116   1              HoldTime[0]++;
C51 COMPILER V9.52.0.0   LED_DISPLAY                                                       02/02/2018 17:16:04 PAGE 3   

 117   1              if (HoldTime[0] >= 100) //1s
 118   1              {
 119   2                      HoldTime[0] = 0;
 120   2                      HoldTime[1]++;
 121   2                      if (HoldTime[1] >= 30) //1s
 122   2                      {
 123   3                              HoldTime[1]             = 0;
 124   3                              LedData.ModeBuf = LED_RGB_OFF;
 125   3                              LedData.Mode            = LedData.ModeBuf;
 126   3                              LedData.InitFlag = TRUE;
 127   3                      }
 128   2              }
 129   1      }
 130          
 131          
 132          
 133          
 134          
 135          /*************************************************
 136                  *
 137                  * @FunctionName Led_G_Fast
 138                  * @Input                                None
 139                  * @Output                               None
 140                  *
 141          ***/
 142          static void Led_G_Fast(void)
 143          {
 144   1              /* Initialize */
 145   1              if (LedData.InitFlag == TRUE)
 146   1              {
 147   2                      LedData.InitFlag = FALSE;
 148   2                      R1OFF;  R2OFF;  R3OFF;
 149   2                      G1OFF;  G2OFF;  G3OFF;
 150   2                      B1OFF;  B2OFF;  B3OFF;
 151   2                      LedTime[0]      = 0;
 152   2                      LedTime[1]      = 0;
 153   2                      HoldTime[0]     = 0;
 154   2                      HoldTime[1] = 0;
 155   2                      LedStep                 = 0;
 156   2              }
 157   1              
 158   1              
 159   1              /* Step Control */
 160   1              LedTime[0]++;
 161   1              if (LedTime[0] >= FAST_SPEED)
 162   1              {
 163   2                      LedTime[0] = 0;
 164   2                      LedStep++;
 165   2                      if (LedStep > 2)                LedStep = 0;
 166   2              }
 167   1              
 168   1              
 169   1              /* Mode Control */
 170   1              switch (LedStep)
 171   1              {
 172   2                      case 0: G3OFF; G1ON;            break;
 173   2                      case 1: G1OFF; G2ON;            break;
 174   2                      case 2: G2OFF; G3ON;            break;
 175   2              }
 176   1              
 177   1              
 178   1              /* Hold Time */
C51 COMPILER V9.52.0.0   LED_DISPLAY                                                       02/02/2018 17:16:04 PAGE 4   

 179   1              HoldTime[0]++;
 180   1              if (HoldTime[0] >= 100) //1s
 181   1              {
 182   2                      HoldTime[0] = 0;
 183   2                      HoldTime[1]++;
 184   2                      if (HoldTime[1] >= 5) //5s
 185   2                      {
 186   3                              HoldTime[1]             = 0;
 187   3                              LedData.ModeBuf = LED_RGB_OFF;
 188   3                              LedData.Mode            = LedData.ModeBuf;
 189   3                              LedData.InitFlag = TRUE;
 190   3                              NetChgFlag = FALSE;
 191   3                      }
 192   2              }
 193   1      }
 194          
 195          
 196          /*************************************************
 197                  *
 198                  * @FunctionName Led_B_Slow
 199                  * @Input                                None
 200                  * @Output                               None
 201                  *
 202          ***/
 203          static void Led_B_Slow(void)
 204          {
 205   1              /* Initialize */
 206   1              if (LedData.InitFlag == TRUE)
 207   1              {
 208   2                      LedData.InitFlag = FALSE;
 209   2                      R1OFF;  R2OFF;  R3OFF;
 210   2                      G1OFF;  G2OFF;  G3OFF;
 211   2                      B1OFF;  B2OFF;  B3OFF;
 212   2                      LedTime[0]              = 0;
 213   2                      LedTime[1]              = 0;
 214   2                      LedStep                         = 0;
 215   2              }
 216   1              
 217   1              /* Step Control */
 218   1              LedTime[0]++;
 219   1              if (LedTime[0] >= SLOW_SPEED)
 220   1              {
 221   2                      LedTime[0] = 0;
 222   2                      LedStep++;
 223   2              }
 224   1              
 225   1              /* Mode Control */
 226   1              switch (LedStep)
 227   1              {
 228   2                      case 0: B3OFF; B1ON;            break;
 229   2                      case 1: B1OFF; B2ON;            break;
 230   2                      case 2: B2OFF; B3ON;            break;
 231   2                      case 3: 
 232   2                      {
 233   3                              LedStep                                         = 0;
 234   3                              LedData.ModeBuf = LED_RGB_OFF;
 235   3                              LedData.Mode            = LedData.ModeBuf;
 236   3                              LedData.InitFlag        = TRUE;
 237   3                      } break;
 238   2              }
 239   1      }
 240          
C51 COMPILER V9.52.0.0   LED_DISPLAY                                                       02/02/2018 17:16:04 PAGE 5   

 241          
 242          
 243          
 244          /*************************************************
 245                  *
 246                  * @FunctionName Led_R_Slow
 247                  * @Input                                None
 248                  * @Output                               None
 249                  *
 250          ***/
 251          static void Led_R_Slow(void)
 252          {
 253   1              /* Initialize */
 254   1              if (LedData.InitFlag == TRUE)
 255   1              {
 256   2                      LedData.InitFlag = FALSE;
 257   2                      R1OFF;  R2OFF;  R3OFF;
 258   2                      G1OFF;  G2OFF;  G3OFF;
 259   2                      B1OFF;  B2OFF;  B3OFF;
 260   2                      LedTime[0]      = 0;
 261   2                      LedTime[1]      = 0;
 262   2                      LedStep                 = 0;
 263   2              }
 264   1              
 265   1              /* Step Control */
 266   1              LedTime[0]++;
 267   1              if (LedTime[0] >= FAST_SPEED)
 268   1              {
 269   2                      LedTime[0] = 0;
 270   2                      LedStep++;
 271   2                      if (LedStep > 2)                LedStep = 0;
 272   2              }
 273   1              
 274   1              /* Mode Control */
 275   1              switch (LedStep)
 276   1              {
 277   2                      case 0: R3OFF; R1ON;            break;
 278   2                      case 1: R1OFF; R2ON;            break;
 279   2                      case 2: R2OFF; R3ON;            break;
 280   2              }
 281   1      }
 282          
 283          
 284          /*************************************************
 285                  *
 286                  * @FunctionName Led_G_Steady
 287                  * @Input                                None
 288                  * @Output                               None
 289                  *
 290          ***/
 291          static void Led_G_Steady(void)
 292          {
 293   1              if (LedData.InitFlag == TRUE)
 294   1              {
 295   2                      LedData.InitFlag = FALSE;
 296   2                      R1OFF;  R2OFF;  R3OFF;
 297   2                      G1ON;   G2ON;   G3ON;
 298   2                      B1OFF;  B2OFF;  B3OFF;
 299   2              }
 300   1      }
 301          

C51 COMPILER V9.52.0.0   LED_DISPLAY                                                       02/02/2018 17:16:04 PAGE 6   


MODULE INFORMATION:   STATIC OVERLAYABLE
   CODE SIZE        =    572    ----
   CONSTANT SIZE    =   ----    ----
   XDATA SIZE       =   ----    ----
   PDATA SIZE       =   ----    ----
   DATA SIZE        =      8    ----
   IDATA SIZE       =   ----    ----
   BIT SIZE         =   ----    ----
END OF MODULE INFORMATION.


C51 COMPILATION COMPLETE.  0 WARNING(S),  0 ERROR(S)
