C51 COMPILER V9.52.0.0   ZW1104                                                            02/02/2018 17:16:04 PAGE 1   


C51 COMPILER V9.52.0.0, COMPILATION OF MODULE ZW1104
OBJECT MODULE PLACED IN ZW1104.obj
COMPILER INVOKED BY: C:\Keil\C51\C51\BIN\C51.EXE Source\ZW1104.c BROWSE INCDIR(.\Include) DEBUG OBJECTEXTEND PRINT(.\ZW1
                    -104.lst) OBJECT(ZW1104.obj)

line level    source

   1          /******************************************************************************
   2                  *
   3                  * @ProjectName                          ZW1104
   4                  * @Date                                                         2017.03.03
   5                  * @Author                                                       DS.Chin
   6                  * @Hardware                             
   7                  *                                                                               N76E003
   8                  *                                                                                       TSSOP20
   9                  *                                                                                       HIRC16M
  10                  * @Version                                              0.0
  11                  *
  12                  *
  13                  * @Version                                              0.1
  14                  * @Date                                                         21-April-2017
  15                  * @Author                                                       DS.Chin
  16                  * @Description                          
  17                  *                                                                               ++ 连续触发2秒才认为触发
  18                  *                                                                                       ++ 解除触发持续2秒才认为解除成功
  19                  *                                                                                       ++ 解除触发后10秒后再触发方有效
  20                  *                                                                                       ++ 取消每隔10秒
  21                  *       
  22                  
  23                  * 2017.08.11 V0.4
  24                  * 更改脚位
  25                  * 更改触发报警功能，不受防摘开关影响
  26                  *
  27          *******************************************************************************/
  28          #include "ZW1104.h"
  29          
  30          
  31          /******************************************
  32                  * 
  33                  * @FunctionName main
  34                  * @Output                               None
  35                  * @Input                                None
  36                  * @Description  Programm Entrance
  37                  *
  38          ***/
  39          void main(void)
  40          {
  41   1              MCU_Config();
  42   1              Power_On_Init();
  43   1              
  44   1              while (1)
  45   1              {
  46   2                      if (TF2 == SET)
  47   2                      {
  48   3                              TF2 = RESET;
  49   3                              
  50   3                              Key_Scan();                             //按键处理
  51   3                              
  52   3                              Data_Process();         //数据处理
  53   3                              
  54   3                              Comm_Process();         //与Z-WAVE通信
C51 COMPILER V9.52.0.0   ZW1104                                                            02/02/2018 17:16:04 PAGE 2   

  55   3                              
  56   3                              Led_Display();          //LED显示
  57   3                              
  58   3                              Sleep_Control();        //睡眠控制
  59   3                      }
  60   2              }
  61   1      }
  62          


MODULE INFORMATION:   STATIC OVERLAYABLE
   CODE SIZE        =     28    ----
   CONSTANT SIZE    =   ----    ----
   XDATA SIZE       =   ----    ----
   PDATA SIZE       =   ----    ----
   DATA SIZE        =   ----    ----
   IDATA SIZE       =   ----    ----
   BIT SIZE         =   ----    ----
END OF MODULE INFORMATION.


C51 COMPILATION COMPLETE.  0 WARNING(S),  0 ERROR(S)
