C51 COMPILER V9.52.0.0   ZW1204                                                            07/07/2017 16:29:24 PAGE 1   


C51 COMPILER V9.52.0.0, COMPILATION OF MODULE ZW1204
OBJECT MODULE PLACED IN ZW1204.obj
COMPILER INVOKED BY: C:\Keil51\C51\BIN\C51.EXE Source\ZW1204.c BROWSE INCDIR(.\Include) DEBUG OBJECTEXTEND PRINT(.\ZW120
                    -4.lst) TABS(2) OBJECT(ZW1204.obj)

line level    source

   1          /******************************************************************************
   2            *
   3            * @ProjectName        ZW1204
   4            * @Date               2017.05.27
   5            * @Author             DS.Chin
   6            * @Hardware       
   7            *                     N76E003
   8            *                     TSSOP20
   9            *                     HIRC16M
  10            * @Version            0.0
  11            *
  12            *
  13            * @Version            0.1
  14            * @Date               27-May-2017
  15            * @Author             DS.Chin
  16            * @Description        
  17            *                     ++ 连续触发2秒才认为触发
  18            *                     ++ 解除触发持续2秒才认为解除成功
  19            *                     ++ 解除触发后10秒后再触发方有效
  20            *                     ++ 取消每隔10秒
  21            * 
  22          *******************************************************************************/
  23          #include "ZW1204.h"
  24          
  25          
  26          /******************************************
  27            * 
  28            * @FunctionName main
  29            * @Output       None
  30            * @Input        None
  31            * @Description  Programm Entrance
  32            *
  33          ***/
  34          void main(void)
  35          {
  36   1        MCU_Config();
  37   1        Power_On_Init();
  38   1        
  39   1        while (1)
  40   1        {
  41   2          if (TF2 == SET)
  42   2          {
  43   3            TF2 = RESET;
  44   3            
  45   3            Key_Scan();       //按键处理
  46   3            
  47   3            Data_Process();   //数据处理
  48   3            
  49   3            Comm_Process();   //与Z-WAVE通信
  50   3            
  51   3            Led_Display();    //LED显示
  52   3            
  53   3            Sleep_Control();  //睡眠控制
  54   3          }
C51 COMPILER V9.52.0.0   ZW1204                                                            07/07/2017 16:29:24 PAGE 2   

  55   2        }
  56   1      }
  57          


MODULE INFORMATION:   STATIC OVERLAYABLE
   CODE SIZE        =     28    ----
   CONSTANT SIZE    =   ----    ----
   XDATA SIZE       =   ----    ----
   PDATA SIZE       =   ----    ----
   DATA SIZE        =   ----    ----
   IDATA SIZE       =   ----    ----
   BIT SIZE         =   ----    ----
END OF MODULE INFORMATION.


C51 COMPILATION COMPLETE.  0 WARNING(S),  0 ERROR(S)
