C51 COMPILER V9.52.0.0   ZW1105                                                            07/27/2017 17:27:03 PAGE 1   


C51 COMPILER V9.52.0.0, COMPILATION OF MODULE ZW1105
OBJECT MODULE PLACED IN ZW1105.obj
COMPILER INVOKED BY: C:\Keil51\C51\BIN\C51.EXE Source\ZW1105.c BROWSE INCDIR(.\Include) DEBUG OBJECTEXTEND PRINT(.\ZW110
                    -5.lst) TABS(2) OBJECT(ZW1105.obj)

line level    source

   1          /******************************************************************************
   2            *
   3            * @ProjectName        ZW1104
   4            * @Date               2017.03.03
   5            * @Author             DS.Chin
   6            * @Hardware       
   7            *                     N76E003
   8            *                     TSSOP20
   9            *                     HIRC16M
  10            * @Version            0.0
  11            *
  12            *                     根据1104 0.3版本更改
  13            *                     仅把触发后的报警方式更改为三灯同时红色闪烁
  14            * 
  15          *******************************************************************************/
  16          #include "ZW1105.h"
  17          
  18          
  19          /******************************************
  20            * 
  21            * @FunctionName main
  22            * @Output       None
  23            * @Input        None
  24            * @Description  Programm Entrance
  25            *
  26          ***/
  27          void main(void)
  28          {
  29   1        MCU_Config();
  30   1        Power_On_Init();
  31   1        
  32   1        while (1)
  33   1        {
  34   2          if (TF2 == SET)
  35   2          {
  36   3            TF2 = RESET;
  37   3            
  38   3            Key_Scan();       //按键处理
  39   3            
  40   3            Data_Process();   //数据处理
  41   3            
  42   3            Comm_Process();   //与Z-WAVE通信
  43   3            
  44   3            Led_Display();    //LED显示
  45   3            
  46   3            Sleep_Control();  //睡眠控制
  47   3          }
  48   2        }
  49   1      }
  50          


MODULE INFORMATION:   STATIC OVERLAYABLE
   CODE SIZE        =     28    ----
C51 COMPILER V9.52.0.0   ZW1105                                                            07/27/2017 17:27:03 PAGE 2   

   CONSTANT SIZE    =   ----    ----
   XDATA SIZE       =   ----    ----
   PDATA SIZE       =   ----    ----
   DATA SIZE        =   ----    ----
   IDATA SIZE       =   ----    ----
   BIT SIZE         =   ----    ----
END OF MODULE INFORMATION.


C51 COMPILATION COMPLETE.  0 WARNING(S),  0 ERROR(S)
